<?xml version="1.0" encoding="UTF-8"?>
<testsuites name="TestSuite1" time="0.632" tests="0" failures="0" errors="0">
   <testsuite name="TestSuite1" tests="0" failures="0" errors="0" time="0.632" timestamp="2020-03-30 08:51:28" hostname="robert - Dell" id="Test Suites/TestSuite1">
      <properties>
         <property name="deviceName" value=""/>
         <property name="devicePlatform" value=""/>
         <property name="logFolder" value="C:\\Users\\robert\\git\\KatalonGitTest\\Reports\\20200330_085123\\TestSuite1\\20200330_085123"/>
         <property name="logFiles" value="C:\\Users\\robert\\git\\KatalonGitTest\\Reports\\20200330_085123\\TestSuite1\\20200330_085123\\execution0.log"/>
         <property name="attachments" value=""/>
         <property name="hostName" value="robert - Dell"/>
         <property name="hostAddress" value="192.168.0.12"/>
         <property name="os" value="Windows 10 64bit"/>
         <property name="katalonVersion" value="7.2.6.1"/>
      </properties>
      <system-out><![CDATA[2020-03-30 08:51:28 - [TEST_SUITE][PASSED] - TestSuite1: null]]></system-out>
      <system-err><![CDATA[]]></system-err>
   </testsuite>
</testsuites>
