<?xml version="1.0" encoding="UTF-8"?>
<testsuites name="TestSuite1" time="20.83" tests="1" failures="0" errors="0">
   <testsuite name="TestSuite1" tests="1" failures="0" errors="0" time="20.83" timestamp="2020-03-30 09:58:45" hostname="robert - Dell" id="Test Suites/TestSuite1">
      <properties>
         <property name="deviceName" value=""/>
         <property name="devicePlatform" value=""/>
         <property name="logFolder" value="C:\\Users\\robert\\git\\KatalonGitTest\\Reports\\20200330_095842\\TestSuite1\\20200330_095842"/>
         <property name="logFiles" value="C:\\Users\\robert\\git\\KatalonGitTest\\Reports\\20200330_095842\\TestSuite1\\20200330_095842\\execution0.log"/>
         <property name="attachments" value=""/>
         <property name="hostName" value="robert - Dell"/>
         <property name="os" value="Windows 10 64bit"/>
         <property name="katalonVersion" value="7.2.6.1"/>
         <property name="browser" value="Chrome 80.0.3987.149"/>
         <property name="hostAddress" value="192.168.0.12"/>
         <property name="sessionId" value="2cccf4fbec1870a61c55be6331277d7b"/>
         <property name="seleniumVersion" value="3.141.59"/>
         <property name="proxyInformation" value="ProxyInformation{proxyOption=NO_PROXY, proxyServerType=HTTP, password=, proxyServerAddress=, proxyServerPort=0, executionList=}"/>
         <property name="platform" value="Windows 10"/>
      </properties>
      <testcase name="Test Cases/Test1ByTom" time="20.003" classname="Test Cases/Test1ByTom" status="PASSED">
         <system-out><![CDATA[2020-03-30 09:58:46 - [TEST_CASE][PASSED] - Test Cases/Test1ByTom: Test Cases/Test1ByTom

2020-03-30 09:58:47 - [TEST_STEP][PASSED] - openBrowser(""): Browser is opened with url: ''

2020-03-30 09:58:48 - [MESSAGE][INFO] - Starting 'Chrome' driver

2020-03-30 09:58:48 - [MESSAGE][INFO] - Action delay is set to 0 seconds

2020-03-30 09:58:59 - [MESSAGE][PASSED] - Browser is opened with url: ''

2020-03-30 09:58:59 - [TEST_STEP][PASSED] - navigateToUrl("http://lifecharger.org/"): Navigate to 'http://lifecharger.org/' successfully

2020-03-30 09:59:05 - [MESSAGE][PASSED] - Navigate to 'http://lifecharger.org/' successfully

2020-03-30 09:59:05 - [TEST_STEP][PASSED] - closeBrowser(): Browser is closed

2020-03-30 09:59:06 - [MESSAGE][PASSED] - Browser is closed]]></system-out>
         <system-err><![CDATA[]]></system-err>
      </testcase>
      <system-out><![CDATA[2020-03-30 09:58:45 - [TEST_SUITE][PASSED] - TestSuite1: Test Cases/Test1ByTom]]></system-out>
      <system-err><![CDATA[]]></system-err>
   </testsuite>
</testsuites>
